<?xml version="1.0" encoding="UTF-8"?>
<!-- Generated by org.testng.reporters.JUnitReportReporter -->
<testsuite skipped="0" hostname="DESKTOP-8MFND4H" name="amazon.Plasticcase" tests="1" failures="0" timestamp="10 Apr 2018 03:59:06 GMT" time="11.113" errors="0">
  <testcase name="ActualTest" time="11.113" classname="amazon.Plasticcase"/>
</testsuite> <!-- amazon.Plasticcase -->
